<?xml version="1.0" encoding="UTF-8" ?>
<testsuites>
<testsuite name="Base session with dirty keys functionality" errors="0" tests="5" failures="0" time="0.002" timestamp="2013-06-03T12:24:47">
  <testcase classname="Base session with dirty keys functionality" name="should set the default data" time="0"></testcase>
  <testcase classname="Base session with dirty keys functionality" name="should get the key value" time="0.001"></testcase>
  <testcase classname="Base session with dirty keys functionality" name="should set a new key" time="0"></testcase>
  <testcase classname="Base session with dirty keys functionality" name="should remove a key" time="0"></testcase>
  <testcase classname="Base session with dirty keys functionality" name="should remove all keys" time="0.001"></testcase>
</testsuite>
</testsuites>