<?xml version="1.0" encoding="UTF-8" ?>
<testsuites>
<testsuite name="Registry Plugin: Dynamic conditions plugin" errors="0" tests="2" failures="0" time="0.007" timestamp="2013-06-03T12:24:50">
  <testcase classname="Registry Plugin: Dynamic conditions plugin" name="must inject dynamic condition functions" time="0.004"></testcase>
  <testcase classname="Registry Plugin: Dynamic conditions plugin" name="must give undefined back cause there are no dynamic conditions" time="0.003"></testcase>
</testsuite>
</testsuites>