<?xml version="1.0" encoding="UTF-8" ?>
<testsuites>
<testsuite name="Logger" errors="0" tests="0" failures="0" time="0" timestamp="2013-06-03T12:24:48">
</testsuite>
<testsuite name="Logger.Get a logger instance" errors="0" tests="2" failures="0" time="0.008" timestamp="2013-06-03T12:24:48">
  <testcase classname="Logger.Get a logger instance" name="should get the platform logger" time="0.004"></testcase>
  <testcase classname="Logger.Get a logger instance" name="should get the component logger" time="0.004"></testcase>
</testsuite>
<testsuite name="Logger.Destroy the loggers" errors="0" tests="1" failures="0" time="0.004" timestamp="2013-06-03T12:24:48">
  <testcase classname="Logger.Destroy the loggers" name="should destroy all loggers" time="0.004"></testcase>
</testsuite>
<testsuite name="Logger.Log methods" errors="0" tests="1" failures="0" time="0.005" timestamp="2013-06-03T12:24:48">
  <testcase classname="Logger.Log methods" name="should call _log with the correct level" time="0.005"></testcase>
</testsuite>
</testsuites>