<?xml version="1.0" encoding="UTF-8" ?>
<testsuites>
<testsuite name="The identity provider" errors="0" tests="0" failures="0" time="0" timestamp="2013-06-03T12:24:49">
</testsuite>
<testsuite name="The identity provider.get method" errors="0" tests="2" failures="0" time="0.009" timestamp="2013-06-03T12:24:49">
  <testcase classname="The identity provider.get method" name="should corectly get an instance of the configured implementation" time="0.005"></testcase>
  <testcase classname="The identity provider.get method" name="should throw an error if the identity implementation does not exist" time="0.004"></testcase>
</testsuite>
<testsuite name="The identity provider.functionality" errors="0" tests="6" failures="0" time="0.077" timestamp="2013-06-03T12:24:49">
  <testcase classname="The identity provider.functionality" name="should properly login the user and save the session" time="0.015"></testcase>
  <testcase classname="The identity provider.functionality" name="should reject on login error" time="0.017"></testcase>
  <testcase classname="The identity provider.functionality" name="should logout the user" time="0.018"></testcase>
  <testcase classname="The identity provider.functionality" name="should reject on logout error" time="0.018"></testcase>
  <testcase classname="The identity provider.functionality" name="should get the user" time="0.005"></testcase>
  <testcase classname="The identity provider.functionality" name="should update the user" time="0.003"></testcase>
</testsuite>
</testsuites>