<?xml version="1.0" encoding="UTF-8" ?>
<testsuites>
<testsuite name="Registry Plugin: Precompile Partials Plugin" errors="0" tests="3" failures="0" time="0.013" timestamp="2013-06-03T12:24:49">
  <testcase classname="Registry Plugin: Precompile Partials Plugin" name="should log an error if the partial can&apos;t be compiled" time="0.004"></testcase>
  <testcase classname="Registry Plugin: Precompile Partials Plugin" name="should compile all the partials for a component" time="0.004"></testcase>
  <testcase classname="Registry Plugin: Precompile Partials Plugin" name="should create an empty object if there are no partials for a component" time="0.005"></testcase>
</testsuite>
</testsuites>