<?xml version="1.0" encoding="UTF-8" ?>
<testsuites>
<testsuite name="Authorization: permissions and dynamic conditions" errors="0" tests="11" failures="0" time="0.002" timestamp="2013-06-03T12:24:48">
  <testcase classname="Authorization: permissions and dynamic conditions" name="should throw an error when permissions key is not an array" time="0.001"></testcase>
  <testcase classname="Authorization: permissions and dynamic conditions" name="should throw an error when dynamicConditions key is not an array" time="0"></testcase>
  <testcase classname="Authorization: permissions and dynamic conditions" name="should pass permissions check" time="0"></testcase>
  <testcase classname="Authorization: permissions and dynamic conditions" name="should not pass permissions check" time="0"></testcase>
  <testcase classname="Authorization: permissions and dynamic conditions" name="should pass dynamic conditions check" time="0"></testcase>
  <testcase classname="Authorization: permissions and dynamic conditions" name="should not pass dynamic conditions check" time="0"></testcase>
  <testcase classname="Authorization: permissions and dynamic conditions" name="should be authorized (permissions + dynamic conditions)" time="0.001"></testcase>
  <testcase classname="Authorization: permissions and dynamic conditions" name="should be forbidden (permissions + dynamic conditions)" time="0"></testcase>
  <testcase classname="Authorization: permissions and dynamic conditions" name="should not execute dynamic conditions when permissions check fails" time="0"></testcase>
  <testcase classname="Authorization: permissions and dynamic conditions" name="should be authorized when dynamic conditions require user to have US country" time="0"></testcase>
  <testcase classname="Authorization: permissions and dynamic conditions" name="should be forbidden when dynamic conditions require user to have RO country" time="0"></testcase>
</testsuite>
</testsuites>