<?xml version="1.0" encoding="UTF-8" ?>
<testsuites>
<testsuite name="Monitoring Adapter" errors="0" tests="5" failures="0" time="0.016" timestamp="2013-06-03T12:24:47">
  <testcase classname="Monitoring Adapter" name="should initialize the adapter with the specified options" time="0.004"></testcase>
  <testcase classname="Monitoring Adapter" name="should return the cached instance" time="0.002"></testcase>
  <testcase classname="Monitoring Adapter" name="should return null if no adapter options were specified" time="0.003"></testcase>
  <testcase classname="Monitoring Adapter" name="should throw an error if the module path is missing" time="0.003"></testcase>
  <testcase classname="Monitoring Adapter" name="should throw an error if the adapter fails to initialize" time="0.004"></testcase>
</testsuite>
</testsuites>