<?xml version="1.0" encoding="UTF-8" ?>
<testsuites>
<testsuite name="Registry plugin: Websockets" errors="0" tests="4" failures="0" time="0.011" timestamp="2013-06-03T12:24:50">
  <testcase classname="Registry plugin: Websockets" name="should register sockets from the component/server/websockets directory" time="0.003"></testcase>
  <testcase classname="Registry plugin: Websockets" name="should require the websocket module" time="0.003"></testcase>
  <testcase classname="Registry plugin: Websockets" name="should register the socket" time="0.002"></testcase>
  <testcase classname="Registry plugin: Websockets" name="should not register the socket for containers" time="0.003"></testcase>
</testsuite>
</testsuites>