<?xml version="1.0" encoding="UTF-8" ?>
<testsuites>
<testsuite name="abstract appender" errors="0" tests="0" failures="0" time="0" timestamp="2013-06-03T12:24:48">
</testsuite>
<testsuite name="abstract appender.append" errors="0" tests="3" failures="0" time="0.014" timestamp="2013-06-03T12:24:48">
  <testcase classname="abstract appender.append" name="should log if the event&apos;s level is greater than the logger&apos;s level" time="0.002"></testcase>
  <testcase classname="abstract appender.append" name="should log if the event&apos;s level is equal to the logger&apos;s level" time="0.003"></testcase>
  <testcase classname="abstract appender.append" name="shouldn&apos;t log if the event&apos;s level is less than the logger&apos;s level" time="0.009"></testcase>
</testsuite>
</testsuites>