<?xml version="1.0" encoding="UTF-8" ?>
<testsuites>
<testsuite name="locale route" errors="0" tests="5" failures="0" time="0.014" timestamp="2013-06-03T12:24:49">
  <testcase classname="locale route" name="should send the locales as json" time="0.003"></testcase>
  <testcase classname="locale route" name="should send partial content" time="0.003"></testcase>
  <testcase classname="locale route" name="should return 404 if path is empty" time="0.002"></testcase>
  <testcase classname="locale route" name="should match the paths" time="0.003"></testcase>
  <testcase classname="locale route" name="should not match the paths" time="0.003"></testcase>
</testsuite>
</testsuites>