<?xml version="1.0" encoding="UTF-8" ?>
<testsuites>
<testsuite name="MongoDB session store" errors="0" tests="0" failures="0" time="0" timestamp="2013-06-03T12:24:47">
</testsuite>
<testsuite name="MongoDB session store.constructor" errors="0" tests="1" failures="0" time="0.005" timestamp="2013-06-03T12:24:47">
  <testcase classname="MongoDB session store.constructor" name="should initialize correctly" time="0.004"></testcase>
</testsuite>
<testsuite name="MongoDB session store._initialize" errors="0" tests="2" failures="0" time="0.01" timestamp="2013-06-03T12:24:47">
  <testcase classname="MongoDB session store._initialize" name="should throw an error if config is incomplete" time="0.006"></testcase>
  <testcase classname="MongoDB session store._initialize" name="should create the server, db and collection" time="0.004"></testcase>
</testsuite>
<testsuite name="MongoDB session store.get" errors="0" tests="3" failures="0" time="0.014" timestamp="2013-06-03T12:24:47">
  <testcase classname="MongoDB session store.get" name="should reject the promise with an error if findOne returns an error" time="0.005"></testcase>
  <testcase classname="MongoDB session store.get" name="should create a new session if the session wasn&apos;t found" time="0.004"></testcase>
  <testcase classname="MongoDB session store.get" name="should create a session object with a found session that is fresh" time="0.004"></testcase>
</testsuite>
<testsuite name="MongoDB session store.createNewSession" errors="0" tests="1" failures="0" time="0.004" timestamp="2013-06-03T12:24:47">
  <testcase classname="MongoDB session store.createNewSession" name="should insert the session into the store" time="0.004"></testcase>
</testsuite>
<testsuite name="MongoDB session store.save" errors="0" tests="0" failures="0" time="0" timestamp="2013-06-03T12:24:47">
</testsuite>
<testsuite name="MongoDB session store.save.components" errors="0" tests="3" failures="0" time="0.022" timestamp="2013-06-03T12:24:47">
  <testcase classname="MongoDB session store.save.components" name="should set updated keys" time="0.004"></testcase>
  <testcase classname="MongoDB session store.save.components" name="should unset removed keys" time="0.012"></testcase>
  <testcase classname="MongoDB session store.save.components" name="should set changed keys and unset removed keys" time="0.005"></testcase>
</testsuite>
<testsuite name="MongoDB session store.save.global" errors="0" tests="1" failures="0" time="0.004" timestamp="2013-06-03T12:24:47">
  <testcase classname="MongoDB session store.save.global" name="should set changed keys and unset removed keys" time="0.004"></testcase>
</testsuite>
<testsuite name="MongoDB session store.destroy" errors="0" tests="1" failures="0" time="0.005" timestamp="2013-06-03T12:24:47">
  <testcase classname="MongoDB session store.destroy" name="should destroy the entire session" time="0.005"></testcase>
</testsuite>
</testsuites>