<?xml version="1.0" encoding="UTF-8" ?>
<testsuites>
<testsuite name="Router Plugin: Controller" errors="0" tests="5" failures="0" time="0.243" timestamp="2013-06-03T12:24:48">
  <testcase classname="Router Plugin: Controller" name="must call the server side controller and give an anwser back" time="0.009"></testcase>
  <testcase classname="Router Plugin: Controller" name="must call the server side controller and give an anwser back (default fallback)" time="0.008"></testcase>
  <testcase classname="Router Plugin: Controller" name="must call an error cause there is no specified controller" time="0.006"></testcase>
  <testcase classname="Router Plugin: Controller" name="must call an error cause the controller is not anwsering for the given timeout" time="0.214"></testcase>
  <testcase classname="Router Plugin: Controller" name="should return an error for containers" time="0.006"></testcase>
</testsuite>
</testsuites>