<?xml version="1.0" encoding="UTF-8" ?>
<testsuites>
<testsuite name="Data layer" errors="0" tests="0" failures="0" time="0" timestamp="2013-06-03T12:24:47">
</testsuite>
<testsuite name="Data layer.loadData" errors="0" tests="3" failures="0" time="0.032" timestamp="2013-06-03T12:24:47">
  <testcase classname="Data layer.loadData" name="should throw an error when required arguments are missing or invalid" time="0.006"></testcase>
  <testcase classname="Data layer.loadData" name="should get &amp; save the session and call the view&apos;s server-side function" time="0.013"></testcase>
  <testcase classname="Data layer.loadData" name="should pass 4 parameters to the data layer method" time="0.013"></testcase>
</testsuite>
</testsuites>