<?xml version="1.0" encoding="UTF-8" ?>
<testsuites>
<testsuite name="Socket Watch" errors="0" tests="0" failures="0" time="0" timestamp="2013-06-03T12:24:47">
</testsuite>
<testsuite name="Socket Watch.get" errors="0" tests="2" failures="0" time="0.077" timestamp="2013-06-03T12:24:47">
  <testcase classname="Socket Watch.get" name="should always return the same instance" time="0.073"></testcase>
  <testcase classname="Socket Watch.get" name="Should config idleTime" time="0.004"></testcase>
</testsuite>
<testsuite name="Socket Watch.Configure socketWatcher" errors="0" tests="2" failures="0" time="0.008" timestamp="2013-06-03T12:24:47">
  <testcase classname="Socket Watch.Configure socketWatcher" name="Should use deafult if idleTime is not defined in config" time="0.004"></testcase>
  <testcase classname="Socket Watch.Configure socketWatcher" name="Should correctly call &apos;on&apos; on connect emit" time="0.004"></testcase>
</testsuite>
<testsuite name="Socket Watch.Refresh idle status of socket" errors="0" tests="3" failures="0" time="0.012" timestamp="2013-06-03T12:24:47">
  <testcase classname="Socket Watch.Refresh idle status of socket" name="Should set a new timeout if not defined" time="0.004"></testcase>
  <testcase classname="Socket Watch.Refresh idle status of socket" name="Should not set a new timeout on disconnect" time="0.004"></testcase>
  <testcase classname="Socket Watch.Refresh idle status of socket" name="Should null out idleMap id if idle true" time="0.004"></testcase>
</testsuite>
<testsuite name="Socket Watch.Disconnect on Idle" errors="0" tests="3" failures="0" time="0.022" timestamp="2013-06-03T12:24:47">
  <testcase classname="Socket Watch.Disconnect on Idle" name="Should call setInterval on correct time" time="0.007"></testcase>
  <testcase classname="Socket Watch.Disconnect on Idle" name="Should disconnect user on idle" time="0.008"></testcase>
  <testcase classname="Socket Watch.Disconnect on Idle" name="Should not disconnect user if not idle" time="0.007"></testcase>
</testsuite>
</testsuites>